2025-02-18 09:05:28 Notice: Deprecated (8192): Array and string offset access syntax with curly braces is deprecated in [C:\xampp\htdocs\canqualifier-new\vendor\cakephp\cakephp\src\Filesystem\Folder.php, line 599]
Trace:
Cake\Error\BaseErrorHandler::handleError() - CORE\src\Error\BaseErrorHandler.php, line 159
include - ROOT\vendor\composer\ClassLoader.php, line 444
Composer\Autoload\includeFile - ROOT\vendor\composer\ClassLoader.php, line 444
Composer\Autoload\ClassLoader::loadClass() - ROOT\vendor\composer\ClassLoader.php, line 322
spl_autoload_call - [internal], line ??
Cake\Console\CommandScanner::scanDir() - CORE\src\Console\CommandScanner.php, line 111
Cake\Console\CommandScanner::scanCore() - CORE\src\Console\CommandScanner.php, line 42
Cake\Console\CommandCollection::autoDiscover() - CORE\src\Console\CommandCollection.php, line 222
Cake\Http\BaseApplication::console() - CORE\src\Http\BaseApplication.php, line 206
Cake\Console\CommandRunner::run() - CORE\src\Console\CommandRunner.php, line 142
[main] - ROOT\bin\cake.php, line 12



2025-02-18 09:05:28 Notice: Deprecated (8192): Array and string offset access syntax with curly braces is deprecated in [C:\xampp\htdocs\canqualifier-new\vendor\cakephp\cakephp\src\Console\ConsoleOptionParser.php, line 1076]
Trace:
Cake\Error\BaseErrorHandler::handleError() - CORE\src\Error\BaseErrorHandler.php, line 159
include - ROOT\vendor\composer\ClassLoader.php, line 444
Composer\Autoload\includeFile - ROOT\vendor\composer\ClassLoader.php, line 444
Composer\Autoload\ClassLoader::loadClass() - ROOT\vendor\composer\ClassLoader.php, line 322
spl_autoload_call - [internal], line ??
Cake\Console\Command::getOptionParser() - CORE\src\Console\Command.php, line 112
Cake\Console\Command::run() - CORE\src\Console\Command.php, line 162
Cake\Console\CommandRunner::run() - CORE\src\Console\CommandRunner.php, line 169
[main] - ROOT\bin\cake.php, line 12



2025-02-18 09:05:28 Notice: Deprecated (8192): Array and string offset access syntax with curly braces is deprecated in [C:\xampp\htdocs\canqualifier-new\vendor\cakephp\cakephp\src\Console\ConsoleOptionParser.php, line 1076]
Trace:
Cake\Error\BaseErrorHandler::handleError() - CORE\src\Error\BaseErrorHandler.php, line 159
include - ROOT\vendor\composer\ClassLoader.php, line 444
Composer\Autoload\includeFile - ROOT\vendor\composer\ClassLoader.php, line 444
Composer\Autoload\ClassLoader::loadClass() - ROOT\vendor\composer\ClassLoader.php, line 322
spl_autoload_call - [internal], line ??
Cake\Console\Command::getOptionParser() - CORE\src\Console\Command.php, line 112
Cake\Console\Command::run() - CORE\src\Console\Command.php, line 162
Cake\Console\CommandRunner::run() - CORE\src\Console\CommandRunner.php, line 169
[main] - ROOT\bin\cake.php, line 12



2025-02-18 09:05:28 Notice: Deprecated (8192): Array and string offset access syntax with curly braces is deprecated in [C:\xampp\htdocs\canqualifier-new\vendor\cakephp\cakephp\src\Console\ConsoleOptionParser.php, line 1077]
Trace:
Cake\Error\BaseErrorHandler::handleError() - CORE\src\Error\BaseErrorHandler.php, line 159
include - ROOT\vendor\composer\ClassLoader.php, line 444
Composer\Autoload\includeFile - ROOT\vendor\composer\ClassLoader.php, line 444
Composer\Autoload\ClassLoader::loadClass() - ROOT\vendor\composer\ClassLoader.php, line 322
spl_autoload_call - [internal], line ??
Cake\Console\Command::getOptionParser() - CORE\src\Console\Command.php, line 112
Cake\Console\Command::run() - CORE\src\Console\Command.php, line 162
Cake\Console\CommandRunner::run() - CORE\src\Console\CommandRunner.php, line 169
[main] - ROOT\bin\cake.php, line 12



2025-02-18 09:06:10 Notice: Deprecated (8192): Array and string offset access syntax with curly braces is deprecated in [C:\xampp\htdocs\canqualifier-new\vendor\cakephp\cakephp\src\Filesystem\Folder.php, line 599]
Trace:
Cake\Error\BaseErrorHandler::handleError() - CORE\src\Error\BaseErrorHandler.php, line 159
include - ROOT\vendor\composer\ClassLoader.php, line 444
Composer\Autoload\includeFile - ROOT\vendor\composer\ClassLoader.php, line 444
Composer\Autoload\ClassLoader::loadClass() - ROOT\vendor\composer\ClassLoader.php, line 322
spl_autoload_call - [internal], line ??
Cake\Console\CommandScanner::scanDir() - CORE\src\Console\CommandScanner.php, line 111
Cake\Console\CommandScanner::scanCore() - CORE\src\Console\CommandScanner.php, line 42
Cake\Console\CommandCollection::autoDiscover() - CORE\src\Console\CommandCollection.php, line 222
Cake\Http\BaseApplication::console() - CORE\src\Http\BaseApplication.php, line 206
Cake\Console\CommandRunner::run() - CORE\src\Console\CommandRunner.php, line 142
[main] - ROOT\bin\cake.php, line 12



2025-02-18 09:06:10 Notice: Deprecated (8192): Array and string offset access syntax with curly braces is deprecated in [C:\xampp\htdocs\canqualifier-new\vendor\cakephp\cakephp\src\Console\ConsoleOptionParser.php, line 1076]
Trace:
Cake\Error\BaseErrorHandler::handleError() - CORE\src\Error\BaseErrorHandler.php, line 159
include - ROOT\vendor\composer\ClassLoader.php, line 444
Composer\Autoload\includeFile - ROOT\vendor\composer\ClassLoader.php, line 444
Composer\Autoload\ClassLoader::loadClass() - ROOT\vendor\composer\ClassLoader.php, line 322
spl_autoload_call - [internal], line ??
Cake\Console\Command::getOptionParser() - CORE\src\Console\Command.php, line 112
Cake\Console\Command::run() - CORE\src\Console\Command.php, line 162
Cake\Console\CommandRunner::run() - CORE\src\Console\CommandRunner.php, line 169
[main] - ROOT\bin\cake.php, line 12



2025-02-18 09:06:10 Notice: Deprecated (8192): Array and string offset access syntax with curly braces is deprecated in [C:\xampp\htdocs\canqualifier-new\vendor\cakephp\cakephp\src\Console\ConsoleOptionParser.php, line 1076]
Trace:
Cake\Error\BaseErrorHandler::handleError() - CORE\src\Error\BaseErrorHandler.php, line 159
include - ROOT\vendor\composer\ClassLoader.php, line 444
Composer\Autoload\includeFile - ROOT\vendor\composer\ClassLoader.php, line 444
Composer\Autoload\ClassLoader::loadClass() - ROOT\vendor\composer\ClassLoader.php, line 322
spl_autoload_call - [internal], line ??
Cake\Console\Command::getOptionParser() - CORE\src\Console\Command.php, line 112
Cake\Console\Command::run() - CORE\src\Console\Command.php, line 162
Cake\Console\CommandRunner::run() - CORE\src\Console\CommandRunner.php, line 169
[main] - ROOT\bin\cake.php, line 12



2025-02-18 09:06:10 Notice: Deprecated (8192): Array and string offset access syntax with curly braces is deprecated in [C:\xampp\htdocs\canqualifier-new\vendor\cakephp\cakephp\src\Console\ConsoleOptionParser.php, line 1077]
Trace:
Cake\Error\BaseErrorHandler::handleError() - CORE\src\Error\BaseErrorHandler.php, line 159
include - ROOT\vendor\composer\ClassLoader.php, line 444
Composer\Autoload\includeFile - ROOT\vendor\composer\ClassLoader.php, line 444
Composer\Autoload\ClassLoader::loadClass() - ROOT\vendor\composer\ClassLoader.php, line 322
spl_autoload_call - [internal], line ??
Cake\Console\Command::getOptionParser() - CORE\src\Console\Command.php, line 112
Cake\Console\Command::run() - CORE\src\Console\Command.php, line 162
Cake\Console\CommandRunner::run() - CORE\src\Console\CommandRunner.php, line 169
[main] - ROOT\bin\cake.php, line 12



2025-02-21 21:50:37 Notice: Deprecated (8192): Return type of Cake\Http\ServerRequest::offsetExists($name) should either be compatible with ArrayAccess::offsetExists(mixed $offset): bool, or the #[\ReturnTypeWillChange] attribute should be used to temporarily suppress the notice in [C:\xampp\htdocs\canqualifier-new\vendor\cakephp\cakephp\src\Http\ServerRequest.php, line 2510]
Trace:
Cake\Error\BaseErrorHandler::handleError() - CORE\src\Error\BaseErrorHandler.php, line 168
include - CORE\src\Http\ServerRequest.php, line 37
Composer\Autoload\includeFile - ROOT\vendor\composer\ClassLoader.php, line 444
Composer\Autoload\ClassLoader::loadClass() - ROOT\vendor\composer\ClassLoader.php, line 322
require_once - ROOT\config\bootstrap.php, line 169
Cake\Http\BaseApplication::bootstrap() - CORE\src\Http\BaseApplication.php, line 173
App\Application::bootstrap() - APP/Application.php, line 42
Cake\Console\CommandRunner::bootstrap() - CORE\src\Console\CommandRunner.php, line 189
Cake\Console\CommandRunner::run() - CORE\src\Console\CommandRunner.php, line 132
[main] - ROOT\bin\cake.php, line 12



2025-02-21 21:50:37 Notice: Deprecated (8192): Return type of Cake\Http\ServerRequest::offsetGet($name) should either be compatible with ArrayAccess::offsetGet(mixed $offset): mixed, or the #[\ReturnTypeWillChange] attribute should be used to temporarily suppress the notice in [C:\xampp\htdocs\canqualifier-new\vendor\cakephp\cakephp\src\Http\ServerRequest.php, line 2465]
Trace:
Cake\Error\BaseErrorHandler::handleError() - CORE\src\Error\BaseErrorHandler.php, line 168
include - CORE\src\Http\ServerRequest.php, line 37
Composer\Autoload\includeFile - ROOT\vendor\composer\ClassLoader.php, line 444
Composer\Autoload\ClassLoader::loadClass() - ROOT\vendor\composer\ClassLoader.php, line 322
require_once - ROOT\config\bootstrap.php, line 169
Cake\Http\BaseApplication::bootstrap() - CORE\src\Http\BaseApplication.php, line 173
App\Application::bootstrap() - APP/Application.php, line 42
Cake\Console\CommandRunner::bootstrap() - CORE\src\Console\CommandRunner.php, line 189
Cake\Console\CommandRunner::run() - CORE\src\Console\CommandRunner.php, line 132
[main] - ROOT\bin\cake.php, line 12



2025-02-21 21:50:37 Notice: Deprecated (8192): Return type of Cake\Http\ServerRequest::offsetSet($name, $value) should either be compatible with ArrayAccess::offsetSet(mixed $offset, mixed $value): void, or the #[\ReturnTypeWillChange] attribute should be used to temporarily suppress the notice in [C:\xampp\htdocs\canqualifier-new\vendor\cakephp\cakephp\src\Http\ServerRequest.php, line 2493]
Trace:
Cake\Error\BaseErrorHandler::handleError() - CORE\src\Error\BaseErrorHandler.php, line 168
include - CORE\src\Http\ServerRequest.php, line 37
Composer\Autoload\includeFile - ROOT\vendor\composer\ClassLoader.php, line 444
Composer\Autoload\ClassLoader::loadClass() - ROOT\vendor\composer\ClassLoader.php, line 322
require_once - ROOT\config\bootstrap.php, line 169
Cake\Http\BaseApplication::bootstrap() - CORE\src\Http\BaseApplication.php, line 173
App\Application::bootstrap() - APP/Application.php, line 42
Cake\Console\CommandRunner::bootstrap() - CORE\src\Console\CommandRunner.php, line 189
Cake\Console\CommandRunner::run() - CORE\src\Console\CommandRunner.php, line 132
[main] - ROOT\bin\cake.php, line 12



2025-02-21 21:50:37 Notice: Deprecated (8192): Return type of Cake\Http\ServerRequest::offsetUnset($name) should either be compatible with ArrayAccess::offsetUnset(mixed $offset): void, or the #[\ReturnTypeWillChange] attribute should be used to temporarily suppress the notice in [C:\xampp\htdocs\canqualifier-new\vendor\cakephp\cakephp\src\Http\ServerRequest.php, line 2531]
Trace:
Cake\Error\BaseErrorHandler::handleError() - CORE\src\Error\BaseErrorHandler.php, line 168
include - CORE\src\Http\ServerRequest.php, line 37
Composer\Autoload\includeFile - ROOT\vendor\composer\ClassLoader.php, line 444
Composer\Autoload\ClassLoader::loadClass() - ROOT\vendor\composer\ClassLoader.php, line 322
require_once - ROOT\config\bootstrap.php, line 169
Cake\Http\BaseApplication::bootstrap() - CORE\src\Http\BaseApplication.php, line 173
App\Application::bootstrap() - APP/Application.php, line 42
Cake\Console\CommandRunner::bootstrap() - CORE\src\Console\CommandRunner.php, line 189
Cake\Console\CommandRunner::run() - CORE\src\Console\CommandRunner.php, line 132
[main] - ROOT\bin\cake.php, line 12



2025-02-21 21:50:37 Notice: Deprecated (8192): Return type of Cake\Chronos\Traits\FactoryTrait::createFromFormat($format, $time, $tz = null) should either be compatible with DateTime::createFromFormat(string $format, string $datetime, ?DateTimeZone $timezone = null): DateTime|false, or the #[\ReturnTypeWillChange] attribute should be used to temporarily suppress the notice in [C:\xampp\htdocs\canqualifier-new\vendor\cakephp\chronos\src\Traits\FactoryTrait.php, line 204]
Trace:
Cake\Error\BaseErrorHandler::handleError() - CORE\src\Error\BaseErrorHandler.php, line 168
include - ROOT\vendor\cakephp\chronos\src\MutableDateTime.php, line 51
Composer\Autoload\includeFile - ROOT\vendor\composer\ClassLoader.php, line 444
Composer\Autoload\ClassLoader::loadClass() - ROOT\vendor\composer\ClassLoader.php, line 322
include - CORE\src\I18n\Time.php, line 27
Composer\Autoload\includeFile - ROOT\vendor\composer\ClassLoader.php, line 444
Composer\Autoload\ClassLoader::loadClass() - ROOT\vendor\composer\ClassLoader.php, line 322
class_exists - [internal], line ??
Cake\Database\Type\DateTimeType::_setClassName() - CORE\src\Database\Type\DateTimeType.php, line 373
Cake\Database\Type\DateTimeType::__construct() - CORE\src\Database\Type\DateTimeType.php, line 120
Cake\Database\Type::build() - CORE\src\Database\Type.php, line 109
require_once - ROOT\config\bootstrap.php, line 188
Cake\Http\BaseApplication::bootstrap() - CORE\src\Http\BaseApplication.php, line 173
App\Application::bootstrap() - APP/Application.php, line 42
Cake\Console\CommandRunner::bootstrap() - CORE\src\Console\CommandRunner.php, line 189
Cake\Console\CommandRunner::run() - CORE\src\Console\CommandRunner.php, line 132
[main] - ROOT\bin\cake.php, line 12



2025-02-21 21:50:37 Notice: Deprecated (8192): Return type of Cake\Chronos\Traits\FactoryTrait::getLastErrors() should either be compatible with DateTime::getLastErrors(): array|false, or the #[\ReturnTypeWillChange] attribute should be used to temporarily suppress the notice in [C:\xampp\htdocs\canqualifier-new\vendor\cakephp\chronos\src\Traits\FactoryTrait.php, line 327]
Trace:
Cake\Error\BaseErrorHandler::handleError() - CORE\src\Error\BaseErrorHandler.php, line 168
include - ROOT\vendor\cakephp\chronos\src\MutableDateTime.php, line 51
Composer\Autoload\includeFile - ROOT\vendor\composer\ClassLoader.php, line 444
Composer\Autoload\ClassLoader::loadClass() - ROOT\vendor\composer\ClassLoader.php, line 322
include - CORE\src\I18n\Time.php, line 27
Composer\Autoload\includeFile - ROOT\vendor\composer\ClassLoader.php, line 444
Composer\Autoload\ClassLoader::loadClass() - ROOT\vendor\composer\ClassLoader.php, line 322
class_exists - [internal], line ??
Cake\Database\Type\DateTimeType::_setClassName() - CORE\src\Database\Type\DateTimeType.php, line 373
Cake\Database\Type\DateTimeType::__construct() - CORE\src\Database\Type\DateTimeType.php, line 120
Cake\Database\Type::build() - CORE\src\Database\Type.php, line 109
require_once - ROOT\config\bootstrap.php, line 188
Cake\Http\BaseApplication::bootstrap() - CORE\src\Http\BaseApplication.php, line 173
App\Application::bootstrap() - APP/Application.php, line 42
Cake\Console\CommandRunner::bootstrap() - CORE\src\Console\CommandRunner.php, line 189
Cake\Console\CommandRunner::run() - CORE\src\Console\CommandRunner.php, line 132
[main] - ROOT\bin\cake.php, line 12



2025-02-21 21:50:37 Notice: Deprecated (8192): Return type of Cake\Chronos\Traits\ModifierTrait::setDate($year, $month, $day) should either be compatible with DateTime::setDate(int $year, int $month, int $day): DateTime, or the #[\ReturnTypeWillChange] attribute should be used to temporarily suppress the notice in [C:\xampp\htdocs\canqualifier-new\vendor\cakephp\chronos\src\Traits\ModifierTrait.php, line 114]
Trace:
Cake\Error\BaseErrorHandler::handleError() - CORE\src\Error\BaseErrorHandler.php, line 168
include - ROOT\vendor\cakephp\chronos\src\MutableDateTime.php, line 51
Composer\Autoload\includeFile - ROOT\vendor\composer\ClassLoader.php, line 444
Composer\Autoload\ClassLoader::loadClass() - ROOT\vendor\composer\ClassLoader.php, line 322
include - CORE\src\I18n\Time.php, line 27
Composer\Autoload\includeFile - ROOT\vendor\composer\ClassLoader.php, line 444
Composer\Autoload\ClassLoader::loadClass() - ROOT\vendor\composer\ClassLoader.php, line 322
class_exists - [internal], line ??
Cake\Database\Type\DateTimeType::_setClassName() - CORE\src\Database\Type\DateTimeType.php, line 373
Cake\Database\Type\DateTimeType::__construct() - CORE\src\Database\Type\DateTimeType.php, line 120
Cake\Database\Type::build() - CORE\src\Database\Type.php, line 109
require_once - ROOT\config\bootstrap.php, line 188
Cake\Http\BaseApplication::bootstrap() - CORE\src\Http\BaseApplication.php, line 173
App\Application::bootstrap() - APP/Application.php, line 42
Cake\Console\CommandRunner::bootstrap() - CORE\src\Console\CommandRunner.php, line 189
Cake\Console\CommandRunner::run() - CORE\src\Console\CommandRunner.php, line 132
[main] - ROOT\bin\cake.php, line 12



2025-02-21 21:50:38 Notice: Deprecated (8192): Return type of Cake\Chronos\Traits\TimezoneTrait::setTimezone($value) should either be compatible with DateTime::setTimezone(DateTimeZone $timezone): DateTime, or the #[\ReturnTypeWillChange] attribute should be used to temporarily suppress the notice in [C:\xampp\htdocs\canqualifier-new\vendor\cakephp\chronos\src\Traits\TimezoneTrait.php, line 49]
Trace:
Cake\Error\BaseErrorHandler::handleError() - CORE\src\Error\BaseErrorHandler.php, line 168
include - ROOT\vendor\cakephp\chronos\src\MutableDateTime.php, line 51
Composer\Autoload\includeFile - ROOT\vendor\composer\ClassLoader.php, line 444
Composer\Autoload\ClassLoader::loadClass() - ROOT\vendor\composer\ClassLoader.php, line 322
include - CORE\src\I18n\Time.php, line 27
Composer\Autoload\includeFile - ROOT\vendor\composer\ClassLoader.php, line 444
Composer\Autoload\ClassLoader::loadClass() - ROOT\vendor\composer\ClassLoader.php, line 322
class_exists - [internal], line ??
Cake\Database\Type\DateTimeType::_setClassName() - CORE\src\Database\Type\DateTimeType.php, line 373
Cake\Database\Type\DateTimeType::__construct() - CORE\src\Database\Type\DateTimeType.php, line 120
Cake\Database\Type::build() - CORE\src\Database\Type.php, line 109
require_once - ROOT\config\bootstrap.php, line 188
Cake\Http\BaseApplication::bootstrap() - CORE\src\Http\BaseApplication.php, line 173
App\Application::bootstrap() - APP/Application.php, line 42
Cake\Console\CommandRunner::bootstrap() - CORE\src\Console\CommandRunner.php, line 189
Cake\Console\CommandRunner::run() - CORE\src\Console\CommandRunner.php, line 132
[main] - ROOT\bin\cake.php, line 12



2025-02-21 21:50:38 Notice: Deprecated (8192): Return type of Cake\I18n\Time::jsonSerialize() should either be compatible with JsonSerializable::jsonSerialize(): mixed, or the #[\ReturnTypeWillChange] attribute should be used to temporarily suppress the notice in [C:\xampp\htdocs\canqualifier-new\vendor\cakephp\cakephp\src\I18n\DateFormatTrait.php, line 469]
Trace:
Cake\Error\BaseErrorHandler::handleError() - CORE\src\Error\BaseErrorHandler.php, line 168
include - CORE\src\I18n\Time.php, line 27
Composer\Autoload\includeFile - ROOT\vendor\composer\ClassLoader.php, line 444
Composer\Autoload\ClassLoader::loadClass() - ROOT\vendor\composer\ClassLoader.php, line 322
class_exists - [internal], line ??
Cake\Database\Type\DateTimeType::_setClassName() - CORE\src\Database\Type\DateTimeType.php, line 373
Cake\Database\Type\DateTimeType::__construct() - CORE\src\Database\Type\DateTimeType.php, line 120
Cake\Database\Type::build() - CORE\src\Database\Type.php, line 109
require_once - ROOT\config\bootstrap.php, line 188
Cake\Http\BaseApplication::bootstrap() - CORE\src\Http\BaseApplication.php, line 173
App\Application::bootstrap() - APP/Application.php, line 42
Cake\Console\CommandRunner::bootstrap() - CORE\src\Console\CommandRunner.php, line 189
Cake\Console\CommandRunner::run() - CORE\src\Console\CommandRunner.php, line 132
[main] - ROOT\bin\cake.php, line 12



2025-02-21 21:50:38 Notice: Deprecated (8192): Return type of Cake\I18n\FrozenTime::jsonSerialize() should either be compatible with JsonSerializable::jsonSerialize(): mixed, or the #[\ReturnTypeWillChange] attribute should be used to temporarily suppress the notice in [C:\xampp\htdocs\canqualifier-new\vendor\cakephp\cakephp\src\I18n\DateFormatTrait.php, line 469]
Trace:
Cake\Error\BaseErrorHandler::handleError() - CORE\src\Error\BaseErrorHandler.php, line 168
include - CORE\src\I18n\FrozenTime.php, line 29
Composer\Autoload\includeFile - ROOT\vendor\composer\ClassLoader.php, line 444
Composer\Autoload\ClassLoader::loadClass() - ROOT\vendor\composer\ClassLoader.php, line 322
class_exists - [internal], line ??
Cake\Database\Type\DateTimeType::_setClassName() - CORE\src\Database\Type\DateTimeType.php, line 373
Cake\Database\Type\DateTimeType::useImmutable() - CORE\src\Database\Type\DateTimeType.php, line 359
require_once - ROOT\config\bootstrap.php, line 189
Cake\Http\BaseApplication::bootstrap() - CORE\src\Http\BaseApplication.php, line 173
App\Application::bootstrap() - APP/Application.php, line 42
Cake\Console\CommandRunner::bootstrap() - CORE\src\Console\CommandRunner.php, line 189
Cake\Console\CommandRunner::run() - CORE\src\Console\CommandRunner.php, line 132
[main] - ROOT\bin\cake.php, line 12



2025-02-21 21:50:38 Notice: Deprecated (8192): Return type of Cake\Chronos\Traits\FactoryTrait::createFromFormat($format, $time, $tz = null) should either be compatible with DateTime::createFromFormat(string $format, string $datetime, ?DateTimeZone $timezone = null): DateTime|false, or the #[\ReturnTypeWillChange] attribute should be used to temporarily suppress the notice in [C:\xampp\htdocs\canqualifier-new\vendor\cakephp\chronos\src\Traits\FactoryTrait.php, line 204]
Trace:
Cake\Error\BaseErrorHandler::handleError() - CORE\src\Error\BaseErrorHandler.php, line 168
include - ROOT\vendor\cakephp\chronos\src\MutableDate.php, line 50
Composer\Autoload\includeFile - ROOT\vendor\composer\ClassLoader.php, line 444
Composer\Autoload\ClassLoader::loadClass() - ROOT\vendor\composer\ClassLoader.php, line 322
include - CORE\src\I18n\Date.php, line 26
Composer\Autoload\includeFile - ROOT\vendor\composer\ClassLoader.php, line 444
Composer\Autoload\ClassLoader::loadClass() - ROOT\vendor\composer\ClassLoader.php, line 322
class_exists - [internal], line ??
Cake\Database\Type\DateTimeType::_setClassName() - CORE\src\Database\Type\DateTimeType.php, line 373
Cake\Database\Type\DateTimeType::__construct() - CORE\src\Database\Type\DateTimeType.php, line 120
Cake\Database\Type::build() - CORE\src\Database\Type.php, line 109
require_once - ROOT\config\bootstrap.php, line 190
Cake\Http\BaseApplication::bootstrap() - CORE\src\Http\BaseApplication.php, line 173
App\Application::bootstrap() - APP/Application.php, line 42
Cake\Console\CommandRunner::bootstrap() - CORE\src\Console\CommandRunner.php, line 189
Cake\Console\CommandRunner::run() - CORE\src\Console\CommandRunner.php, line 132
[main] - ROOT\bin\cake.php, line 12



2025-02-21 21:50:38 Notice: Deprecated (8192): Return type of Cake\Chronos\Traits\FactoryTrait::getLastErrors() should either be compatible with DateTime::getLastErrors(): array|false, or the #[\ReturnTypeWillChange] attribute should be used to temporarily suppress the notice in [C:\xampp\htdocs\canqualifier-new\vendor\cakephp\chronos\src\Traits\FactoryTrait.php, line 327]
Trace:
Cake\Error\BaseErrorHandler::handleError() - CORE\src\Error\BaseErrorHandler.php, line 168
include - ROOT\vendor\cakephp\chronos\src\MutableDate.php, line 50
Composer\Autoload\includeFile - ROOT\vendor\composer\ClassLoader.php, line 444
Composer\Autoload\ClassLoader::loadClass() - ROOT\vendor\composer\ClassLoader.php, line 322
include - CORE\src\I18n\Date.php, line 26
Composer\Autoload\includeFile - ROOT\vendor\composer\ClassLoader.php, line 444
Composer\Autoload\ClassLoader::loadClass() - ROOT\vendor\composer\ClassLoader.php, line 322
class_exists - [internal], line ??
Cake\Database\Type\DateTimeType::_setClassName() - CORE\src\Database\Type\DateTimeType.php, line 373
Cake\Database\Type\DateTimeType::__construct() - CORE\src\Database\Type\DateTimeType.php, line 120
Cake\Database\Type::build() - CORE\src\Database\Type.php, line 109
require_once - ROOT\config\bootstrap.php, line 190
Cake\Http\BaseApplication::bootstrap() - CORE\src\Http\BaseApplication.php, line 173
App\Application::bootstrap() - APP/Application.php, line 42
Cake\Console\CommandRunner::bootstrap() - CORE\src\Console\CommandRunner.php, line 189
Cake\Console\CommandRunner::run() - CORE\src\Console\CommandRunner.php, line 132
[main] - ROOT\bin\cake.php, line 12



2025-02-21 21:50:38 Notice: Deprecated (8192): Return type of Cake\Chronos\Traits\FrozenTimeTrait::setTime($hours, $minutes, $seconds = null, $microseconds = null) should either be compatible with DateTime::setTime(int $hour, int $minute, int $second = 0, int $microsecond = 0): DateTime, or the #[\ReturnTypeWillChange] attribute should be used to temporarily suppress the notice in [C:\xampp\htdocs\canqualifier-new\vendor\cakephp\chronos\src\Traits\FrozenTimeTrait.php, line 77]
Trace:
Cake\Error\BaseErrorHandler::handleError() - CORE\src\Error\BaseErrorHandler.php, line 168
include - ROOT\vendor\cakephp\chronos\src\MutableDate.php, line 50
Composer\Autoload\includeFile - ROOT\vendor\composer\ClassLoader.php, line 444
Composer\Autoload\ClassLoader::loadClass() - ROOT\vendor\composer\ClassLoader.php, line 322
include - CORE\src\I18n\Date.php, line 26
Composer\Autoload\includeFile - ROOT\vendor\composer\ClassLoader.php, line 444
Composer\Autoload\ClassLoader::loadClass() - ROOT\vendor\composer\ClassLoader.php, line 322
class_exists - [internal], line ??
Cake\Database\Type\DateTimeType::_setClassName() - CORE\src\Database\Type\DateTimeType.php, line 373
Cake\Database\Type\DateTimeType::__construct() - CORE\src\Database\Type\DateTimeType.php, line 120
Cake\Database\Type::build() - CORE\src\Database\Type.php, line 109
require_once - ROOT\config\bootstrap.php, line 190
Cake\Http\BaseApplication::bootstrap() - CORE\src\Http\BaseApplication.php, line 173
App\Application::bootstrap() - APP/Application.php, line 42
Cake\Console\CommandRunner::bootstrap() - CORE\src\Console\CommandRunner.php, line 189
Cake\Console\CommandRunner::run() - CORE\src\Console\CommandRunner.php, line 132
[main] - ROOT\bin\cake.php, line 12



2025-02-21 21:50:38 Notice: Deprecated (8192): Return type of Cake\Chronos\Traits\FrozenTimeTrait::add($interval) should either be compatible with DateTime::add(DateInterval $interval): DateTime, or the #[\ReturnTypeWillChange] attribute should be used to temporarily suppress the notice in [C:\xampp\htdocs\canqualifier-new\vendor\cakephp\chronos\src\Traits\FrozenTimeTrait.php, line 94]
Trace:
Cake\Error\BaseErrorHandler::handleError() - CORE\src\Error\BaseErrorHandler.php, line 168
include - ROOT\vendor\cakephp\chronos\src\MutableDate.php, line 50
Composer\Autoload\includeFile - ROOT\vendor\composer\ClassLoader.php, line 444
Composer\Autoload\ClassLoader::loadClass() - ROOT\vendor\composer\ClassLoader.php, line 322
include - CORE\src\I18n\Date.php, line 26
Composer\Autoload\includeFile - ROOT\vendor\composer\ClassLoader.php, line 444
Composer\Autoload\ClassLoader::loadClass() - ROOT\vendor\composer\ClassLoader.php, line 322
class_exists - [internal], line ??
Cake\Database\Type\DateTimeType::_setClassName() - CORE\src\Database\Type\DateTimeType.php, line 373
Cake\Database\Type\DateTimeType::__construct() - CORE\src\Database\Type\DateTimeType.php, line 120
Cake\Database\Type::build() - CORE\src\Database\Type.php, line 109
require_once - ROOT\config\bootstrap.php, line 190
Cake\Http\BaseApplication::bootstrap() - CORE\src\Http\BaseApplication.php, line 173
App\Application::bootstrap() - APP/Application.php, line 42
Cake\Console\CommandRunner::bootstrap() - CORE\src\Console\CommandRunner.php, line 189
Cake\Console\CommandRunner::run() - CORE\src\Console\CommandRunner.php, line 132
[main] - ROOT\bin\cake.php, line 12



2025-02-21 21:50:38 Notice: Deprecated (8192): Return type of Cake\Chronos\Traits\FrozenTimeTrait::sub($interval) should either be compatible with DateTime::sub(DateInterval $interval): DateTime, or the #[\ReturnTypeWillChange] attribute should be used to temporarily suppress the notice in [C:\xampp\htdocs\canqualifier-new\vendor\cakephp\chronos\src\Traits\FrozenTimeTrait.php, line 107]
Trace:
Cake\Error\BaseErrorHandler::handleError() - CORE\src\Error\BaseErrorHandler.php, line 168
include - ROOT\vendor\cakephp\chronos\src\MutableDate.php, line 50
Composer\Autoload\includeFile - ROOT\vendor\composer\ClassLoader.php, line 444
Composer\Autoload\ClassLoader::loadClass() - ROOT\vendor\composer\ClassLoader.php, line 322
include - CORE\src\I18n\Date.php, line 26
Composer\Autoload\includeFile - ROOT\vendor\composer\ClassLoader.php, line 444
Composer\Autoload\ClassLoader::loadClass() - ROOT\vendor\composer\ClassLoader.php, line 322
class_exists - [internal], line ??
Cake\Database\Type\DateTimeType::_setClassName() - CORE\src\Database\Type\DateTimeType.php, line 373
Cake\Database\Type\DateTimeType::__construct() - CORE\src\Database\Type\DateTimeType.php, line 120
Cake\Database\Type::build() - CORE\src\Database\Type.php, line 109
require_once - ROOT\config\bootstrap.php, line 190
Cake\Http\BaseApplication::bootstrap() - CORE\src\Http\BaseApplication.php, line 173
App\Application::bootstrap() - APP/Application.php, line 42
Cake\Console\CommandRunner::bootstrap() - CORE\src\Console\CommandRunner.php, line 189
Cake\Console\CommandRunner::run() - CORE\src\Console\CommandRunner.php, line 132
[main] - ROOT\bin\cake.php, line 12



2025-02-21 21:50:38 Notice: Deprecated (8192): Return type of Cake\Chronos\Traits\FrozenTimeTrait::setTimezone($value) should either be compatible with DateTime::setTimezone(DateTimeZone $timezone): DateTime, or the #[\ReturnTypeWillChange] attribute should be used to temporarily suppress the notice in [C:\xampp\htdocs\canqualifier-new\vendor\cakephp\chronos\src\Traits\FrozenTimeTrait.php, line 146]
Trace:
Cake\Error\BaseErrorHandler::handleError() - CORE\src\Error\BaseErrorHandler.php, line 168
include - ROOT\vendor\cakephp\chronos\src\MutableDate.php, line 50
Composer\Autoload\includeFile - ROOT\vendor\composer\ClassLoader.php, line 444
Composer\Autoload\ClassLoader::loadClass() - ROOT\vendor\composer\ClassLoader.php, line 322
include - CORE\src\I18n\Date.php, line 26
Composer\Autoload\includeFile - ROOT\vendor\composer\ClassLoader.php, line 444
Composer\Autoload\ClassLoader::loadClass() - ROOT\vendor\composer\ClassLoader.php, line 322
class_exists - [internal], line ??
Cake\Database\Type\DateTimeType::_setClassName() - CORE\src\Database\Type\DateTimeType.php, line 373
Cake\Database\Type\DateTimeType::__construct() - CORE\src\Database\Type\DateTimeType.php, line 120
Cake\Database\Type::build() - CORE\src\Database\Type.php, line 109
require_once - ROOT\config\bootstrap.php, line 190
Cake\Http\BaseApplication::bootstrap() - CORE\src\Http\BaseApplication.php, line 173
App\Application::bootstrap() - APP/Application.php, line 42
Cake\Console\CommandRunner::bootstrap() - CORE\src\Console\CommandRunner.php, line 189
Cake\Console\CommandRunner::run() - CORE\src\Console\CommandRunner.php, line 132
[main] - ROOT\bin\cake.php, line 12



2025-02-21 21:50:38 Notice: Deprecated (8192): Return type of Cake\Chronos\Traits\FrozenTimeTrait::setTimestamp($value) should either be compatible with DateTime::setTimestamp(int $timestamp): DateTime, or the #[\ReturnTypeWillChange] attribute should be used to temporarily suppress the notice in [C:\xampp\htdocs\canqualifier-new\vendor\cakephp\chronos\src\Traits\FrozenTimeTrait.php, line 160]
Trace:
Cake\Error\BaseErrorHandler::handleError() - CORE\src\Error\BaseErrorHandler.php, line 168
include - ROOT\vendor\cakephp\chronos\src\MutableDate.php, line 50
Composer\Autoload\includeFile - ROOT\vendor\composer\ClassLoader.php, line 444
Composer\Autoload\ClassLoader::loadClass() - ROOT\vendor\composer\ClassLoader.php, line 322
include - CORE\src\I18n\Date.php, line 26
Composer\Autoload\includeFile - ROOT\vendor\composer\ClassLoader.php, line 444
Composer\Autoload\ClassLoader::loadClass() - ROOT\vendor\composer\ClassLoader.php, line 322
class_exists - [internal], line ??
Cake\Database\Type\DateTimeType::_setClassName() - CORE\src\Database\Type\DateTimeType.php, line 373
Cake\Database\Type\DateTimeType::__construct() - CORE\src\Database\Type\DateTimeType.php, line 120
Cake\Database\Type::build() - CORE\src\Database\Type.php, line 109
require_once - ROOT\config\bootstrap.php, line 190
Cake\Http\BaseApplication::bootstrap() - CORE\src\Http\BaseApplication.php, line 173
App\Application::bootstrap() - APP/Application.php, line 42
Cake\Console\CommandRunner::bootstrap() - CORE\src\Console\CommandRunner.php, line 189
Cake\Console\CommandRunner::run() - CORE\src\Console\CommandRunner.php, line 132
[main] - ROOT\bin\cake.php, line 12



2025-02-21 21:50:38 Notice: Deprecated (8192): Return type of Cake\Chronos\Traits\FrozenTimeTrait::modify($relative) should either be compatible with DateTime::modify(string $modifier): DateTime|false, or the #[\ReturnTypeWillChange] attribute should be used to temporarily suppress the notice in [C:\xampp\htdocs\canqualifier-new\vendor\cakephp\chronos\src\Traits\FrozenTimeTrait.php, line 174]
Trace:
Cake\Error\BaseErrorHandler::handleError() - CORE\src\Error\BaseErrorHandler.php, line 168
include - ROOT\vendor\cakephp\chronos\src\MutableDate.php, line 50
Composer\Autoload\includeFile - ROOT\vendor\composer\ClassLoader.php, line 444
Composer\Autoload\ClassLoader::loadClass() - ROOT\vendor\composer\ClassLoader.php, line 322
include - CORE\src\I18n\Date.php, line 26
Composer\Autoload\includeFile - ROOT\vendor\composer\ClassLoader.php, line 444
Composer\Autoload\ClassLoader::loadClass() - ROOT\vendor\composer\ClassLoader.php, line 322
class_exists - [internal], line ??
Cake\Database\Type\DateTimeType::_setClassName() - CORE\src\Database\Type\DateTimeType.php, line 373
Cake\Database\Type\DateTimeType::__construct() - CORE\src\Database\Type\DateTimeType.php, line 120
Cake\Database\Type::build() - CORE\src\Database\Type.php, line 109
require_once - ROOT\config\bootstrap.php, line 190
Cake\Http\BaseApplication::bootstrap() - CORE\src\Http\BaseApplication.php, line 173
App\Application::bootstrap() - APP/Application.php, line 42
Cake\Console\CommandRunner::bootstrap() - CORE\src\Console\CommandRunner.php, line 189
Cake\Console\CommandRunner::run() - CORE\src\Console\CommandRunner.php, line 132
[main] - ROOT\bin\cake.php, line 12



2025-02-21 21:50:38 Notice: Deprecated (8192): Return type of Cake\Chronos\Traits\ModifierTrait::setDate($year, $month, $day) should either be compatible with DateTime::setDate(int $year, int $month, int $day): DateTime, or the #[\ReturnTypeWillChange] attribute should be used to temporarily suppress the notice in [C:\xampp\htdocs\canqualifier-new\vendor\cakephp\chronos\src\Traits\ModifierTrait.php, line 114]
Trace:
Cake\Error\BaseErrorHandler::handleError() - CORE\src\Error\BaseErrorHandler.php, line 168
include - ROOT\vendor\cakephp\chronos\src\MutableDate.php, line 50
Composer\Autoload\includeFile - ROOT\vendor\composer\ClassLoader.php, line 444
Composer\Autoload\ClassLoader::loadClass() - ROOT\vendor\composer\ClassLoader.php, line 322
include - CORE\src\I18n\Date.php, line 26
Composer\Autoload\includeFile - ROOT\vendor\composer\ClassLoader.php, line 444
Composer\Autoload\ClassLoader::loadClass() - ROOT\vendor\composer\ClassLoader.php, line 322
class_exists - [internal], line ??
Cake\Database\Type\DateTimeType::_setClassName() - CORE\src\Database\Type\DateTimeType.php, line 373
Cake\Database\Type\DateTimeType::__construct() - CORE\src\Database\Type\DateTimeType.php, line 120
Cake\Database\Type::build() - CORE\src\Database\Type.php, line 109
require_once - ROOT\config\bootstrap.php, line 190
Cake\Http\BaseApplication::bootstrap() - CORE\src\Http\BaseApplication.php, line 173
App\Application::bootstrap() - APP/Application.php, line 42
Cake\Console\CommandRunner::bootstrap() - CORE\src\Console\CommandRunner.php, line 189
Cake\Console\CommandRunner::run() - CORE\src\Console\CommandRunner.php, line 132
[main] - ROOT\bin\cake.php, line 12



2025-02-21 21:50:38 Notice: Deprecated (8192): Return type of Cake\I18n\Date::jsonSerialize() should either be compatible with JsonSerializable::jsonSerialize(): mixed, or the #[\ReturnTypeWillChange] attribute should be used to temporarily suppress the notice in [C:\xampp\htdocs\canqualifier-new\vendor\cakephp\cakephp\src\I18n\DateFormatTrait.php, line 469]
Trace:
Cake\Error\BaseErrorHandler::handleError() - CORE\src\Error\BaseErrorHandler.php, line 168
include - CORE\src\I18n\Date.php, line 26
Composer\Autoload\includeFile - ROOT\vendor\composer\ClassLoader.php, line 444
Composer\Autoload\ClassLoader::loadClass() - ROOT\vendor\composer\ClassLoader.php, line 322
class_exists - [internal], line ??
Cake\Database\Type\DateTimeType::_setClassName() - CORE\src\Database\Type\DateTimeType.php, line 373
Cake\Database\Type\DateTimeType::__construct() - CORE\src\Database\Type\DateTimeType.php, line 120
Cake\Database\Type::build() - CORE\src\Database\Type.php, line 109
require_once - ROOT\config\bootstrap.php, line 190
Cake\Http\BaseApplication::bootstrap() - CORE\src\Http\BaseApplication.php, line 173
App\Application::bootstrap() - APP/Application.php, line 42
Cake\Console\CommandRunner::bootstrap() - CORE\src\Console\CommandRunner.php, line 189
Cake\Console\CommandRunner::run() - CORE\src\Console\CommandRunner.php, line 132
[main] - ROOT\bin\cake.php, line 12



2025-02-21 21:50:38 Notice: Deprecated (8192): Return type of Cake\Chronos\Traits\FactoryTrait::createFromFormat($format, $time, $tz = null) should either be compatible with DateTimeImmutable::createFromFormat(string $format, string $datetime, ?DateTimeZone $timezone = null): DateTimeImmutable|false, or the #[\ReturnTypeWillChange] attribute should be used to temporarily suppress the notice in [C:\xampp\htdocs\canqualifier-new\vendor\cakephp\chronos\src\Traits\FactoryTrait.php, line 204]
Trace:
Cake\Error\BaseErrorHandler::handleError() - CORE\src\Error\BaseErrorHandler.php, line 168
include - ROOT\vendor\cakephp\chronos\src\Date.php, line 51
Composer\Autoload\includeFile - ROOT\vendor\composer\ClassLoader.php, line 444
Composer\Autoload\ClassLoader::loadClass() - ROOT\vendor\composer\ClassLoader.php, line 322
include - CORE\src\I18n\FrozenDate.php, line 28
Composer\Autoload\includeFile - ROOT\vendor\composer\ClassLoader.php, line 444
Composer\Autoload\ClassLoader::loadClass() - ROOT\vendor\composer\ClassLoader.php, line 322
class_exists - [internal], line ??
Cake\Database\Type\DateTimeType::_setClassName() - CORE\src\Database\Type\DateTimeType.php, line 373
Cake\Database\Type\DateType::useImmutable() - CORE\src\Database\Type\DateType.php, line 58
require_once - ROOT\config\bootstrap.php, line 191
Cake\Http\BaseApplication::bootstrap() - CORE\src\Http\BaseApplication.php, line 173
App\Application::bootstrap() - APP/Application.php, line 42
Cake\Console\CommandRunner::bootstrap() - CORE\src\Console\CommandRunner.php, line 189
Cake\Console\CommandRunner::run() - CORE\src\Console\CommandRunner.php, line 132
[main] - ROOT\bin\cake.php, line 12



2025-02-21 21:50:38 Notice: Deprecated (8192): Return type of Cake\Chronos\Traits\FactoryTrait::getLastErrors() should either be compatible with DateTimeImmutable::getLastErrors(): array|false, or the #[\ReturnTypeWillChange] attribute should be used to temporarily suppress the notice in [C:\xampp\htdocs\canqualifier-new\vendor\cakephp\chronos\src\Traits\FactoryTrait.php, line 327]
Trace:
Cake\Error\BaseErrorHandler::handleError() - CORE\src\Error\BaseErrorHandler.php, line 168
include - ROOT\vendor\cakephp\chronos\src\Date.php, line 51
Composer\Autoload\includeFile - ROOT\vendor\composer\ClassLoader.php, line 444
Composer\Autoload\ClassLoader::loadClass() - ROOT\vendor\composer\ClassLoader.php, line 322
include - CORE\src\I18n\FrozenDate.php, line 28
Composer\Autoload\includeFile - ROOT\vendor\composer\ClassLoader.php, line 444
Composer\Autoload\ClassLoader::loadClass() - ROOT\vendor\composer\ClassLoader.php, line 322
class_exists - [internal], line ??
Cake\Database\Type\DateTimeType::_setClassName() - CORE\src\Database\Type\DateTimeType.php, line 373
Cake\Database\Type\DateType::useImmutable() - CORE\src\Database\Type\DateType.php, line 58
require_once - ROOT\config\bootstrap.php, line 191
Cake\Http\BaseApplication::bootstrap() - CORE\src\Http\BaseApplication.php, line 173
App\Application::bootstrap() - APP/Application.php, line 42
Cake\Console\CommandRunner::bootstrap() - CORE\src\Console\CommandRunner.php, line 189
Cake\Console\CommandRunner::run() - CORE\src\Console\CommandRunner.php, line 132
[main] - ROOT\bin\cake.php, line 12



2025-02-21 21:50:38 Notice: Deprecated (8192): Return type of Cake\Chronos\Traits\FrozenTimeTrait::setTime($hours, $minutes, $seconds = null, $microseconds = null) should either be compatible with DateTimeImmutable::setTime(int $hour, int $minute, int $second = 0, int $microsecond = 0): DateTimeImmutable, or the #[\ReturnTypeWillChange] attribute should be used to temporarily suppress the notice in [C:\xampp\htdocs\canqualifier-new\vendor\cakephp\chronos\src\Traits\FrozenTimeTrait.php, line 77]
Trace:
Cake\Error\BaseErrorHandler::handleError() - CORE\src\Error\BaseErrorHandler.php, line 168
include - ROOT\vendor\cakephp\chronos\src\Date.php, line 51
Composer\Autoload\includeFile - ROOT\vendor\composer\ClassLoader.php, line 444
Composer\Autoload\ClassLoader::loadClass() - ROOT\vendor\composer\ClassLoader.php, line 322
include - CORE\src\I18n\FrozenDate.php, line 28
Composer\Autoload\includeFile - ROOT\vendor\composer\ClassLoader.php, line 444
Composer\Autoload\ClassLoader::loadClass() - ROOT\vendor\composer\ClassLoader.php, line 322
class_exists - [internal], line ??
Cake\Database\Type\DateTimeType::_setClassName() - CORE\src\Database\Type\DateTimeType.php, line 373
Cake\Database\Type\DateType::useImmutable() - CORE\src\Database\Type\DateType.php, line 58
require_once - ROOT\config\bootstrap.php, line 191
Cake\Http\BaseApplication::bootstrap() - CORE\src\Http\BaseApplication.php, line 173
App\Application::bootstrap() - APP/Application.php, line 42
Cake\Console\CommandRunner::bootstrap() - CORE\src\Console\CommandRunner.php, line 189
Cake\Console\CommandRunner::run() - CORE\src\Console\CommandRunner.php, line 132
[main] - ROOT\bin\cake.php, line 12



2025-02-21 21:50:38 Notice: Deprecated (8192): Return type of Cake\Chronos\Traits\FrozenTimeTrait::add($interval) should either be compatible with DateTimeImmutable::add(DateInterval $interval): DateTimeImmutable, or the #[\ReturnTypeWillChange] attribute should be used to temporarily suppress the notice in [C:\xampp\htdocs\canqualifier-new\vendor\cakephp\chronos\src\Traits\FrozenTimeTrait.php, line 94]
Trace:
Cake\Error\BaseErrorHandler::handleError() - CORE\src\Error\BaseErrorHandler.php, line 168
include - ROOT\vendor\cakephp\chronos\src\Date.php, line 51
Composer\Autoload\includeFile - ROOT\vendor\composer\ClassLoader.php, line 444
Composer\Autoload\ClassLoader::loadClass() - ROOT\vendor\composer\ClassLoader.php, line 322
include - CORE\src\I18n\FrozenDate.php, line 28
Composer\Autoload\includeFile - ROOT\vendor\composer\ClassLoader.php, line 444
Composer\Autoload\ClassLoader::loadClass() - ROOT\vendor\composer\ClassLoader.php, line 322
class_exists - [internal], line ??
Cake\Database\Type\DateTimeType::_setClassName() - CORE\src\Database\Type\DateTimeType.php, line 373
Cake\Database\Type\DateType::useImmutable() - CORE\src\Database\Type\DateType.php, line 58
require_once - ROOT\config\bootstrap.php, line 191
Cake\Http\BaseApplication::bootstrap() - CORE\src\Http\BaseApplication.php, line 173
App\Application::bootstrap() - APP/Application.php, line 42
Cake\Console\CommandRunner::bootstrap() - CORE\src\Console\CommandRunner.php, line 189
Cake\Console\CommandRunner::run() - CORE\src\Console\CommandRunner.php, line 132
[main] - ROOT\bin\cake.php, line 12



2025-02-21 21:50:38 Notice: Deprecated (8192): Return type of Cake\Chronos\Traits\FrozenTimeTrait::sub($interval) should either be compatible with DateTimeImmutable::sub(DateInterval $interval): DateTimeImmutable, or the #[\ReturnTypeWillChange] attribute should be used to temporarily suppress the notice in [C:\xampp\htdocs\canqualifier-new\vendor\cakephp\chronos\src\Traits\FrozenTimeTrait.php, line 107]
Trace:
Cake\Error\BaseErrorHandler::handleError() - CORE\src\Error\BaseErrorHandler.php, line 168
include - ROOT\vendor\cakephp\chronos\src\Date.php, line 51
Composer\Autoload\includeFile - ROOT\vendor\composer\ClassLoader.php, line 444
Composer\Autoload\ClassLoader::loadClass() - ROOT\vendor\composer\ClassLoader.php, line 322
include - CORE\src\I18n\FrozenDate.php, line 28
Composer\Autoload\includeFile - ROOT\vendor\composer\ClassLoader.php, line 444
Composer\Autoload\ClassLoader::loadClass() - ROOT\vendor\composer\ClassLoader.php, line 322
class_exists - [internal], line ??
Cake\Database\Type\DateTimeType::_setClassName() - CORE\src\Database\Type\DateTimeType.php, line 373
Cake\Database\Type\DateType::useImmutable() - CORE\src\Database\Type\DateType.php, line 58
require_once - ROOT\config\bootstrap.php, line 191
Cake\Http\BaseApplication::bootstrap() - CORE\src\Http\BaseApplication.php, line 173
App\Application::bootstrap() - APP/Application.php, line 42
Cake\Console\CommandRunner::bootstrap() - CORE\src\Console\CommandRunner.php, line 189
Cake\Console\CommandRunner::run() - CORE\src\Console\CommandRunner.php, line 132
[main] - ROOT\bin\cake.php, line 12



2025-02-21 21:50:38 Notice: Deprecated (8192): Return type of Cake\Chronos\Traits\FrozenTimeTrait::setTimezone($value) should either be compatible with DateTimeImmutable::setTimezone(DateTimeZone $timezone): DateTimeImmutable, or the #[\ReturnTypeWillChange] attribute should be used to temporarily suppress the notice in [C:\xampp\htdocs\canqualifier-new\vendor\cakephp\chronos\src\Traits\FrozenTimeTrait.php, line 146]
Trace:
Cake\Error\BaseErrorHandler::handleError() - CORE\src\Error\BaseErrorHandler.php, line 168
include - ROOT\vendor\cakephp\chronos\src\Date.php, line 51
Composer\Autoload\includeFile - ROOT\vendor\composer\ClassLoader.php, line 444
Composer\Autoload\ClassLoader::loadClass() - ROOT\vendor\composer\ClassLoader.php, line 322
include - CORE\src\I18n\FrozenDate.php, line 28
Composer\Autoload\includeFile - ROOT\vendor\composer\ClassLoader.php, line 444
Composer\Autoload\ClassLoader::loadClass() - ROOT\vendor\composer\ClassLoader.php, line 322
class_exists - [internal], line ??
Cake\Database\Type\DateTimeType::_setClassName() - CORE\src\Database\Type\DateTimeType.php, line 373
Cake\Database\Type\DateType::useImmutable() - CORE\src\Database\Type\DateType.php, line 58
require_once - ROOT\config\bootstrap.php, line 191
Cake\Http\BaseApplication::bootstrap() - CORE\src\Http\BaseApplication.php, line 173
App\Application::bootstrap() - APP/Application.php, line 42
Cake\Console\CommandRunner::bootstrap() - CORE\src\Console\CommandRunner.php, line 189
Cake\Console\CommandRunner::run() - CORE\src\Console\CommandRunner.php, line 132
[main] - ROOT\bin\cake.php, line 12



2025-02-21 21:50:38 Notice: Deprecated (8192): Return type of Cake\Chronos\Traits\FrozenTimeTrait::setTimestamp($value) should either be compatible with DateTimeImmutable::setTimestamp(int $timestamp): DateTimeImmutable, or the #[\ReturnTypeWillChange] attribute should be used to temporarily suppress the notice in [C:\xampp\htdocs\canqualifier-new\vendor\cakephp\chronos\src\Traits\FrozenTimeTrait.php, line 160]
Trace:
Cake\Error\BaseErrorHandler::handleError() - CORE\src\Error\BaseErrorHandler.php, line 168
include - ROOT\vendor\cakephp\chronos\src\Date.php, line 51
Composer\Autoload\includeFile - ROOT\vendor\composer\ClassLoader.php, line 444
Composer\Autoload\ClassLoader::loadClass() - ROOT\vendor\composer\ClassLoader.php, line 322
include - CORE\src\I18n\FrozenDate.php, line 28
Composer\Autoload\includeFile - ROOT\vendor\composer\ClassLoader.php, line 444
Composer\Autoload\ClassLoader::loadClass() - ROOT\vendor\composer\ClassLoader.php, line 322
class_exists - [internal], line ??
Cake\Database\Type\DateTimeType::_setClassName() - CORE\src\Database\Type\DateTimeType.php, line 373
Cake\Database\Type\DateType::useImmutable() - CORE\src\Database\Type\DateType.php, line 58
require_once - ROOT\config\bootstrap.php, line 191
Cake\Http\BaseApplication::bootstrap() - CORE\src\Http\BaseApplication.php, line 173
App\Application::bootstrap() - APP/Application.php, line 42
Cake\Console\CommandRunner::bootstrap() - CORE\src\Console\CommandRunner.php, line 189
Cake\Console\CommandRunner::run() - CORE\src\Console\CommandRunner.php, line 132
[main] - ROOT\bin\cake.php, line 12



2025-02-21 21:50:38 Notice: Deprecated (8192): Return type of Cake\Chronos\Traits\FrozenTimeTrait::modify($relative) should either be compatible with DateTimeImmutable::modify(string $modifier): DateTimeImmutable|false, or the #[\ReturnTypeWillChange] attribute should be used to temporarily suppress the notice in [C:\xampp\htdocs\canqualifier-new\vendor\cakephp\chronos\src\Traits\FrozenTimeTrait.php, line 174]
Trace:
Cake\Error\BaseErrorHandler::handleError() - CORE\src\Error\BaseErrorHandler.php, line 168
include - ROOT\vendor\cakephp\chronos\src\Date.php, line 51
Composer\Autoload\includeFile - ROOT\vendor\composer\ClassLoader.php, line 444
Composer\Autoload\ClassLoader::loadClass() - ROOT\vendor\composer\ClassLoader.php, line 322
include - CORE\src\I18n\FrozenDate.php, line 28
Composer\Autoload\includeFile - ROOT\vendor\composer\ClassLoader.php, line 444
Composer\Autoload\ClassLoader::loadClass() - ROOT\vendor\composer\ClassLoader.php, line 322
class_exists - [internal], line ??
Cake\Database\Type\DateTimeType::_setClassName() - CORE\src\Database\Type\DateTimeType.php, line 373
Cake\Database\Type\DateType::useImmutable() - CORE\src\Database\Type\DateType.php, line 58
require_once - ROOT\config\bootstrap.php, line 191
Cake\Http\BaseApplication::bootstrap() - CORE\src\Http\BaseApplication.php, line 173
App\Application::bootstrap() - APP/Application.php, line 42
Cake\Console\CommandRunner::bootstrap() - CORE\src\Console\CommandRunner.php, line 189
Cake\Console\CommandRunner::run() - CORE\src\Console\CommandRunner.php, line 132
[main] - ROOT\bin\cake.php, line 12



2025-02-21 21:50:38 Notice: Deprecated (8192): Return type of Cake\Chronos\Traits\ModifierTrait::setDate($year, $month, $day) should either be compatible with DateTimeImmutable::setDate(int $year, int $month, int $day): DateTimeImmutable, or the #[\ReturnTypeWillChange] attribute should be used to temporarily suppress the notice in [C:\xampp\htdocs\canqualifier-new\vendor\cakephp\chronos\src\Traits\ModifierTrait.php, line 114]
Trace:
Cake\Error\BaseErrorHandler::handleError() - CORE\src\Error\BaseErrorHandler.php, line 168
include - ROOT\vendor\cakephp\chronos\src\Date.php, line 51
Composer\Autoload\includeFile - ROOT\vendor\composer\ClassLoader.php, line 444
Composer\Autoload\ClassLoader::loadClass() - ROOT\vendor\composer\ClassLoader.php, line 322
include - CORE\src\I18n\FrozenDate.php, line 28
Composer\Autoload\includeFile - ROOT\vendor\composer\ClassLoader.php, line 444
Composer\Autoload\ClassLoader::loadClass() - ROOT\vendor\composer\ClassLoader.php, line 322
class_exists - [internal], line ??
Cake\Database\Type\DateTimeType::_setClassName() - CORE\src\Database\Type\DateTimeType.php, line 373
Cake\Database\Type\DateType::useImmutable() - CORE\src\Database\Type\DateType.php, line 58
require_once - ROOT\config\bootstrap.php, line 191
Cake\Http\BaseApplication::bootstrap() - CORE\src\Http\BaseApplication.php, line 173
App\Application::bootstrap() - APP/Application.php, line 42
Cake\Console\CommandRunner::bootstrap() - CORE\src\Console\CommandRunner.php, line 189
Cake\Console\CommandRunner::run() - CORE\src\Console\CommandRunner.php, line 132
[main] - ROOT\bin\cake.php, line 12



2025-02-21 21:50:38 Notice: Deprecated (8192): Return type of Cake\I18n\FrozenDate::jsonSerialize() should either be compatible with JsonSerializable::jsonSerialize(): mixed, or the #[\ReturnTypeWillChange] attribute should be used to temporarily suppress the notice in [C:\xampp\htdocs\canqualifier-new\vendor\cakephp\cakephp\src\I18n\DateFormatTrait.php, line 469]
Trace:
Cake\Error\BaseErrorHandler::handleError() - CORE\src\Error\BaseErrorHandler.php, line 168
include - CORE\src\I18n\FrozenDate.php, line 28
Composer\Autoload\includeFile - ROOT\vendor\composer\ClassLoader.php, line 444
Composer\Autoload\ClassLoader::loadClass() - ROOT\vendor\composer\ClassLoader.php, line 322
class_exists - [internal], line ??
Cake\Database\Type\DateTimeType::_setClassName() - CORE\src\Database\Type\DateTimeType.php, line 373
Cake\Database\Type\DateType::useImmutable() - CORE\src\Database\Type\DateType.php, line 58
require_once - ROOT\config\bootstrap.php, line 191
Cake\Http\BaseApplication::bootstrap() - CORE\src\Http\BaseApplication.php, line 173
App\Application::bootstrap() - APP/Application.php, line 42
Cake\Console\CommandRunner::bootstrap() - CORE\src\Console\CommandRunner.php, line 189
Cake\Console\CommandRunner::run() - CORE\src\Console\CommandRunner.php, line 132
[main] - ROOT\bin\cake.php, line 12



2025-02-21 21:50:38 Notice: Deprecated (8192): Return type of Cake\Console\CommandCollection::getIterator() should either be compatible with IteratorAggregate::getIterator(): Traversable, or the #[\ReturnTypeWillChange] attribute should be used to temporarily suppress the notice in [C:\xampp\htdocs\canqualifier-new\vendor\cakephp\cakephp\src\Console\CommandCollection.php, line 140]
Trace:
Cake\Error\BaseErrorHandler::handleError() - CORE\src\Error\BaseErrorHandler.php, line 168
include - CORE\src\Console\CommandCollection.php, line 29
Composer\Autoload\includeFile - ROOT\vendor\composer\ClassLoader.php, line 444
Composer\Autoload\ClassLoader::loadClass() - ROOT\vendor\composer\ClassLoader.php, line 322
Cake\Console\CommandRunner::run() - CORE\src\Console\CommandRunner.php, line 134
[main] - ROOT\bin\cake.php, line 12



2025-02-21 21:50:38 Notice: Deprecated (8192): Return type of Cake\Console\CommandCollection::count() should either be compatible with Countable::count(): int, or the #[\ReturnTypeWillChange] attribute should be used to temporarily suppress the notice in [C:\xampp\htdocs\canqualifier-new\vendor\cakephp\cakephp\src\Console\CommandCollection.php, line 152]
Trace:
Cake\Error\BaseErrorHandler::handleError() - CORE\src\Error\BaseErrorHandler.php, line 168
include - CORE\src\Console\CommandCollection.php, line 29
Composer\Autoload\includeFile - ROOT\vendor\composer\ClassLoader.php, line 444
Composer\Autoload\ClassLoader::loadClass() - ROOT\vendor\composer\ClassLoader.php, line 322
Cake\Console\CommandRunner::run() - CORE\src\Console\CommandRunner.php, line 134
[main] - ROOT\bin\cake.php, line 12



2025-02-21 21:59:41 notice: Deprecated (16384): Since 4.0.0: Cake\Database\Type is deprecated. Use Cake\Database\TypeFactory instead.
C:\xampp\htdocs\canqualifier-new\vendor\composer\ClassLoader.php, line: 576
You can disable all deprecation warnings by setting `Error.errorLevel` to `E_ALL & ~E_USER_DEPRECATED`. Adding `vendor/composer/ClassLoader.php` to `Error.ignoredDeprecationPaths` in your `config/app.php` config will mute deprecations from that file only. in [C:\xampp\htdocs\canqualifier-new\vendor\cakephp\cakephp\src\Core\functions.php, line 318]
Trace:
Cake\Error\BaseErrorHandler->handleError() - [internal], line ??
C:\xampp\htdocs\canqualifier-new\vendor\cakephp\cakephp\src\Core\functions.php - CORE\src\Core\functions.php, line 318
C:\xampp\htdocs\canqualifier-new\vendor\cakephp\cakephp\src\Database\Type.php - CORE\src\Database\Type.php, line 7
C:\xampp\htdocs\canqualifier-new\vendor\composer\ClassLoader.php - ROOT\vendor\composer\ClassLoader.php, line 576
C:\xampp\htdocs\canqualifier-new\vendor\composer\ClassLoader.php - ROOT\vendor\composer\ClassLoader.php, line 427
Composer\Autoload\ClassLoader->loadClass() - ROOT\config\bootstrap.php, line 188
C:\xampp\htdocs\canqualifier-new\vendor\cakephp\cakephp\src\Http\BaseApplication.php - CORE\src\Http\BaseApplication.php, line 174
Cake\Http\BaseApplication->bootstrap() - APP/Application.php, line 42
App\Application->bootstrap() - CORE\src\Console\CommandRunner.php, line 195
Cake\Console\CommandRunner->bootstrap() - CORE\src\Console\CommandRunner.php, line 133
Cake\Console\CommandRunner->run() - ROOT\bin\cake.php, line 12
[main]

2025-02-21 21:59:41 notice: Deprecated (16384): Configuring immutable or mutable classes is deprecated and immutable classes will be the permanent configuration in 5.0. Calling `useImmutable()` is unnecessary.
C:\xampp\htdocs\canqualifier-new\config\bootstrap.php, line: 189
You can disable all deprecation warnings by setting `Error.errorLevel` to `E_ALL & ~E_USER_DEPRECATED`. Adding `config/bootstrap.php` to `Error.ignoredDeprecationPaths` in your `config/app.php` config will mute deprecations from that file only. in [C:\xampp\htdocs\canqualifier-new\vendor\cakephp\cakephp\src\Core\functions.php, line 318]
Trace:
Cake\Error\BaseErrorHandler->handleError() - [internal], line ??
C:\xampp\htdocs\canqualifier-new\vendor\cakephp\cakephp\src\Core\functions.php - CORE\src\Core\functions.php, line 318
C:\xampp\htdocs\canqualifier-new\vendor\cakephp\cakephp\src\Database\Type\DateTimeType.php - CORE\src\Database\Type\DateTimeType.php, line 455
Cake\Database\Type\DateTimeType->useImmutable() - ROOT\config\bootstrap.php, line 189
C:\xampp\htdocs\canqualifier-new\vendor\cakephp\cakephp\src\Http\BaseApplication.php - CORE\src\Http\BaseApplication.php, line 174
Cake\Http\BaseApplication->bootstrap() - APP/Application.php, line 42
App\Application->bootstrap() - CORE\src\Console\CommandRunner.php, line 195
Cake\Console\CommandRunner->bootstrap() - CORE\src\Console\CommandRunner.php, line 133
Cake\Console\CommandRunner->run() - ROOT\bin\cake.php, line 12
[main]

2025-02-21 21:59:41 notice: Deprecated (16384): Configuring immutable or mutable classes is deprecated and immutable classes will be the permanent configuration in 5.0. Calling `useImmutable()` is unnecessary.
C:\xampp\htdocs\canqualifier-new\config\bootstrap.php, line: 191
You can disable all deprecation warnings by setting `Error.errorLevel` to `E_ALL & ~E_USER_DEPRECATED`. Adding `config/bootstrap.php` to `Error.ignoredDeprecationPaths` in your `config/app.php` config will mute deprecations from that file only. in [C:\xampp\htdocs\canqualifier-new\vendor\cakephp\cakephp\src\Core\functions.php, line 318]
Trace:
Cake\Error\BaseErrorHandler->handleError() - [internal], line ??
C:\xampp\htdocs\canqualifier-new\vendor\cakephp\cakephp\src\Core\functions.php - CORE\src\Core\functions.php, line 318
C:\xampp\htdocs\canqualifier-new\vendor\cakephp\cakephp\src\Database\Type\DateType.php - CORE\src\Database\Type\DateType.php, line 73
Cake\Database\Type\DateType->useImmutable() - ROOT\config\bootstrap.php, line 191
C:\xampp\htdocs\canqualifier-new\vendor\cakephp\cakephp\src\Http\BaseApplication.php - CORE\src\Http\BaseApplication.php, line 174
Cake\Http\BaseApplication->bootstrap() - APP/Application.php, line 42
App\Application->bootstrap() - CORE\src\Console\CommandRunner.php, line 195
Cake\Console\CommandRunner->bootstrap() - CORE\src\Console\CommandRunner.php, line 133
Cake\Console\CommandRunner->run() - ROOT\bin\cake.php, line 12
[main]

2025-02-21 21:59:41 notice: Deprecated (16384): Configuring immutable or mutable classes is deprecated and immutable classes will be the permanent configuration in 5.0. Calling `useImmutable()` is unnecessary.
C:\xampp\htdocs\canqualifier-new\config\bootstrap.php, line: 193
You can disable all deprecation warnings by setting `Error.errorLevel` to `E_ALL & ~E_USER_DEPRECATED`. Adding `config/bootstrap.php` to `Error.ignoredDeprecationPaths` in your `config/app.php` config will mute deprecations from that file only. in [C:\xampp\htdocs\canqualifier-new\vendor\cakephp\cakephp\src\Core\functions.php, line 318]
Trace:
Cake\Error\BaseErrorHandler->handleError() - [internal], line ??
C:\xampp\htdocs\canqualifier-new\vendor\cakephp\cakephp\src\Core\functions.php - CORE\src\Core\functions.php, line 318
C:\xampp\htdocs\canqualifier-new\vendor\cakephp\cakephp\src\Database\Type\DateTimeType.php - CORE\src\Database\Type\DateTimeType.php, line 455
Cake\Database\Type\DateTimeType->useImmutable() - ROOT\config\bootstrap.php, line 193
C:\xampp\htdocs\canqualifier-new\vendor\cakephp\cakephp\src\Http\BaseApplication.php - CORE\src\Http\BaseApplication.php, line 174
Cake\Http\BaseApplication->bootstrap() - APP/Application.php, line 42
App\Application->bootstrap() - CORE\src\Console\CommandRunner.php, line 195
Cake\Console\CommandRunner->bootstrap() - CORE\src\Console\CommandRunner.php, line 133
Cake\Console\CommandRunner->run() - ROOT\bin\cake.php, line 12
[main]

2025-02-21 21:59:41 notice: Deprecated (16384): Configuring immutable or mutable classes is deprecated and immutable classes will be the permanent configuration in 5.0. Calling `useImmutable()` is unnecessary.
C:\xampp\htdocs\canqualifier-new\config\bootstrap.php, line: 195
You can disable all deprecation warnings by setting `Error.errorLevel` to `E_ALL & ~E_USER_DEPRECATED`. Adding `config/bootstrap.php` to `Error.ignoredDeprecationPaths` in your `config/app.php` config will mute deprecations from that file only. in [C:\xampp\htdocs\canqualifier-new\vendor\cakephp\cakephp\src\Core\functions.php, line 318]
Trace:
Cake\Error\BaseErrorHandler->handleError() - [internal], line ??
C:\xampp\htdocs\canqualifier-new\vendor\cakephp\cakephp\src\Core\functions.php - CORE\src\Core\functions.php, line 318
C:\xampp\htdocs\canqualifier-new\vendor\cakephp\cakephp\src\Database\Type\DateTimeType.php - CORE\src\Database\Type\DateTimeType.php, line 455
Cake\Database\Type\DateTimeType->useImmutable() - ROOT\config\bootstrap.php, line 195
C:\xampp\htdocs\canqualifier-new\vendor\cakephp\cakephp\src\Http\BaseApplication.php - CORE\src\Http\BaseApplication.php, line 174
Cake\Http\BaseApplication->bootstrap() - APP/Application.php, line 42
App\Application->bootstrap() - CORE\src\Console\CommandRunner.php, line 195
Cake\Console\CommandRunner->bootstrap() - CORE\src\Console\CommandRunner.php, line 133
Cake\Console\CommandRunner->run() - ROOT\bin\cake.php, line 12
[main]

2025-02-21 22:04:35 notice: Deprecated (16384): Since 4.0.0: Cake\Database\Type is deprecated. Use Cake\Database\TypeFactory instead.
C:\xampp\htdocs\canqualifier-new\vendor\composer\ClassLoader.php, line: 576
You can disable all deprecation warnings by setting `Error.errorLevel` to `E_ALL & ~E_USER_DEPRECATED`. Adding `vendor/composer/ClassLoader.php` to `Error.ignoredDeprecationPaths` in your `config/app.php` config will mute deprecations from that file only. in [C:\xampp\htdocs\canqualifier-new\vendor\cakephp\cakephp\src\Core\functions.php, line 318]
Trace:
Cake\Error\BaseErrorHandler->handleError() - [internal], line ??
C:\xampp\htdocs\canqualifier-new\vendor\cakephp\cakephp\src\Core\functions.php - CORE\src\Core\functions.php, line 318
C:\xampp\htdocs\canqualifier-new\vendor\cakephp\cakephp\src\Database\Type.php - CORE\src\Database\Type.php, line 7
C:\xampp\htdocs\canqualifier-new\vendor\composer\ClassLoader.php - ROOT\vendor\composer\ClassLoader.php, line 576
C:\xampp\htdocs\canqualifier-new\vendor\composer\ClassLoader.php - ROOT\vendor\composer\ClassLoader.php, line 427
Composer\Autoload\ClassLoader->loadClass() - ROOT\config\bootstrap.php, line 188
C:\xampp\htdocs\canqualifier-new\vendor\cakephp\cakephp\src\Http\BaseApplication.php - CORE\src\Http\BaseApplication.php, line 174
Cake\Http\BaseApplication->bootstrap() - APP/Application.php, line 47
App\Application->bootstrap() - CORE\src\Console\CommandRunner.php, line 195
Cake\Console\CommandRunner->bootstrap() - CORE\src\Console\CommandRunner.php, line 133
Cake\Console\CommandRunner->run() - ROOT\bin\cake.php, line 12
[main]

2025-02-21 22:04:35 notice: Deprecated (16384): Configuring immutable or mutable classes is deprecated and immutable classes will be the permanent configuration in 5.0. Calling `useImmutable()` is unnecessary.
C:\xampp\htdocs\canqualifier-new\config\bootstrap.php, line: 189
You can disable all deprecation warnings by setting `Error.errorLevel` to `E_ALL & ~E_USER_DEPRECATED`. Adding `config/bootstrap.php` to `Error.ignoredDeprecationPaths` in your `config/app.php` config will mute deprecations from that file only. in [C:\xampp\htdocs\canqualifier-new\vendor\cakephp\cakephp\src\Core\functions.php, line 318]
Trace:
Cake\Error\BaseErrorHandler->handleError() - [internal], line ??
C:\xampp\htdocs\canqualifier-new\vendor\cakephp\cakephp\src\Core\functions.php - CORE\src\Core\functions.php, line 318
C:\xampp\htdocs\canqualifier-new\vendor\cakephp\cakephp\src\Database\Type\DateTimeType.php - CORE\src\Database\Type\DateTimeType.php, line 455
Cake\Database\Type\DateTimeType->useImmutable() - ROOT\config\bootstrap.php, line 189
C:\xampp\htdocs\canqualifier-new\vendor\cakephp\cakephp\src\Http\BaseApplication.php - CORE\src\Http\BaseApplication.php, line 174
Cake\Http\BaseApplication->bootstrap() - APP/Application.php, line 47
App\Application->bootstrap() - CORE\src\Console\CommandRunner.php, line 195
Cake\Console\CommandRunner->bootstrap() - CORE\src\Console\CommandRunner.php, line 133
Cake\Console\CommandRunner->run() - ROOT\bin\cake.php, line 12
[main]

2025-02-21 22:04:35 notice: Deprecated (16384): Configuring immutable or mutable classes is deprecated and immutable classes will be the permanent configuration in 5.0. Calling `useImmutable()` is unnecessary.
C:\xampp\htdocs\canqualifier-new\config\bootstrap.php, line: 191
You can disable all deprecation warnings by setting `Error.errorLevel` to `E_ALL & ~E_USER_DEPRECATED`. Adding `config/bootstrap.php` to `Error.ignoredDeprecationPaths` in your `config/app.php` config will mute deprecations from that file only. in [C:\xampp\htdocs\canqualifier-new\vendor\cakephp\cakephp\src\Core\functions.php, line 318]
Trace:
Cake\Error\BaseErrorHandler->handleError() - [internal], line ??
C:\xampp\htdocs\canqualifier-new\vendor\cakephp\cakephp\src\Core\functions.php - CORE\src\Core\functions.php, line 318
C:\xampp\htdocs\canqualifier-new\vendor\cakephp\cakephp\src\Database\Type\DateType.php - CORE\src\Database\Type\DateType.php, line 73
Cake\Database\Type\DateType->useImmutable() - ROOT\config\bootstrap.php, line 191
C:\xampp\htdocs\canqualifier-new\vendor\cakephp\cakephp\src\Http\BaseApplication.php - CORE\src\Http\BaseApplication.php, line 174
Cake\Http\BaseApplication->bootstrap() - APP/Application.php, line 47
App\Application->bootstrap() - CORE\src\Console\CommandRunner.php, line 195
Cake\Console\CommandRunner->bootstrap() - CORE\src\Console\CommandRunner.php, line 133
Cake\Console\CommandRunner->run() - ROOT\bin\cake.php, line 12
[main]

2025-02-21 22:04:35 notice: Deprecated (16384): Configuring immutable or mutable classes is deprecated and immutable classes will be the permanent configuration in 5.0. Calling `useImmutable()` is unnecessary.
C:\xampp\htdocs\canqualifier-new\config\bootstrap.php, line: 193
You can disable all deprecation warnings by setting `Error.errorLevel` to `E_ALL & ~E_USER_DEPRECATED`. Adding `config/bootstrap.php` to `Error.ignoredDeprecationPaths` in your `config/app.php` config will mute deprecations from that file only. in [C:\xampp\htdocs\canqualifier-new\vendor\cakephp\cakephp\src\Core\functions.php, line 318]
Trace:
Cake\Error\BaseErrorHandler->handleError() - [internal], line ??
C:\xampp\htdocs\canqualifier-new\vendor\cakephp\cakephp\src\Core\functions.php - CORE\src\Core\functions.php, line 318
C:\xampp\htdocs\canqualifier-new\vendor\cakephp\cakephp\src\Database\Type\DateTimeType.php - CORE\src\Database\Type\DateTimeType.php, line 455
Cake\Database\Type\DateTimeType->useImmutable() - ROOT\config\bootstrap.php, line 193
C:\xampp\htdocs\canqualifier-new\vendor\cakephp\cakephp\src\Http\BaseApplication.php - CORE\src\Http\BaseApplication.php, line 174
Cake\Http\BaseApplication->bootstrap() - APP/Application.php, line 47
App\Application->bootstrap() - CORE\src\Console\CommandRunner.php, line 195
Cake\Console\CommandRunner->bootstrap() - CORE\src\Console\CommandRunner.php, line 133
Cake\Console\CommandRunner->run() - ROOT\bin\cake.php, line 12
[main]

2025-02-21 22:04:35 notice: Deprecated (16384): Configuring immutable or mutable classes is deprecated and immutable classes will be the permanent configuration in 5.0. Calling `useImmutable()` is unnecessary.
C:\xampp\htdocs\canqualifier-new\config\bootstrap.php, line: 195
You can disable all deprecation warnings by setting `Error.errorLevel` to `E_ALL & ~E_USER_DEPRECATED`. Adding `config/bootstrap.php` to `Error.ignoredDeprecationPaths` in your `config/app.php` config will mute deprecations from that file only. in [C:\xampp\htdocs\canqualifier-new\vendor\cakephp\cakephp\src\Core\functions.php, line 318]
Trace:
Cake\Error\BaseErrorHandler->handleError() - [internal], line ??
C:\xampp\htdocs\canqualifier-new\vendor\cakephp\cakephp\src\Core\functions.php - CORE\src\Core\functions.php, line 318
C:\xampp\htdocs\canqualifier-new\vendor\cakephp\cakephp\src\Database\Type\DateTimeType.php - CORE\src\Database\Type\DateTimeType.php, line 455
Cake\Database\Type\DateTimeType->useImmutable() - ROOT\config\bootstrap.php, line 195
C:\xampp\htdocs\canqualifier-new\vendor\cakephp\cakephp\src\Http\BaseApplication.php - CORE\src\Http\BaseApplication.php, line 174
Cake\Http\BaseApplication->bootstrap() - APP/Application.php, line 47
App\Application->bootstrap() - CORE\src\Console\CommandRunner.php, line 195
Cake\Console\CommandRunner->bootstrap() - CORE\src\Console\CommandRunner.php, line 133
Cake\Console\CommandRunner->run() - ROOT\bin\cake.php, line 12
[main]

